c:\users\akclu\documents\github\robotvisualizer\debug\vc142.pdb
c:\users\akclu\documents\github\robotvisualizer\debug\mygame.obj
c:\users\akclu\documents\github\robotvisualizer\debug\main.obj
c:\users\akclu\documents\github\robotvisualizer\debug\tweentransition.obj
c:\users\akclu\documents\github\robotvisualizer\debug\tweenparam.obj
c:\users\akclu\documents\github\robotvisualizer\debug\tweenlistener.obj
c:\users\akclu\documents\github\robotvisualizer\debug\tweenjuggler.obj
c:\users\akclu\documents\github\robotvisualizer\debug\tweenevent.obj
c:\users\akclu\documents\github\robotvisualizer\debug\tweenableparams.obj
c:\users\akclu\documents\github\robotvisualizer\debug\tween.obj
c:\users\akclu\documents\github\robotvisualizer\debug\sprite.obj
c:\users\akclu\documents\github\robotvisualizer\debug\sound.obj
c:\users\akclu\documents\github\robotvisualizer\debug\scene.obj
c:\users\akclu\documents\github\robotvisualizer\debug\game.obj
c:\users\akclu\documents\github\robotvisualizer\debug\eventdispatcher.obj
c:\users\akclu\documents\github\robotvisualizer\debug\event.obj
c:\users\akclu\documents\github\robotvisualizer\debug\displayobjectcontainer.obj
c:\users\akclu\documents\github\robotvisualizer\debug\displayobject.obj
c:\users\akclu\documents\github\robotvisualizer\debug\camera.obj
c:\users\akclu\documents\github\robotvisualizer\debug\animatedsprite.obj
c:\users\akclu\documents\github\robotvisualizer\debug\affinetransform.obj
c:\users\akclu\documents\github\robotvisualizer\debug\stdafx.obj
c:\users\akclu\documents\github\robotvisualizer\debug\oscpkt_test.obj
c:\users\akclu\documents\github\robotvisualizer\debug\oscpkt_demo.obj
a:\documents\github\robotvisualizer\debug\robotvisualizer.exe
a:\documents\github\robotvisualizer\debug\robotvisualizer.ilk
a:\documents\github\robotvisualizer\debug\robotvisualizer.pdb
c:\users\akclu\documents\github\robotvisualizer\debug\robotvisualizer.ilk
c:\users\akclu\documents\github\robotvisualizer\debug\robotvisualizer.exe
c:\users\akclu\documents\github\robotvisualizer\debug\robotvisualizer.pdb
a:\documents\github\robotvisualizer\debug\vcpkg.applocal.log
a:\documents\github\robotvisualizer\debug\sdl2d.dll
a:\documents\github\robotvisualizer\debug\sdl2_image.dll
a:\documents\github\robotvisualizer\debug\libpng16d.dll
a:\documents\github\robotvisualizer\debug\zlibd1.dll
a:\documents\github\robotvisualizer\debug\sdl2_mixer.dll
a:\documents\github\robotvisualizer\debug\sdl2_ttf.dll
a:\documents\github\robotvisualizer\debug\freetyped.dll
a:\documents\github\robotvisualizer\debug\bz2d.dll
c:\users\akclu\documents\github\robotvisualizer\debug\vcpkg.applocal.log
c:\users\akclu\documents\github\robotvisualizer\debug\sdl2d.dll
c:\users\akclu\documents\github\robotvisualizer\debug\sdl2_image.dll
c:\users\akclu\documents\github\robotvisualizer\debug\libpng16d.dll
c:\users\akclu\documents\github\robotvisualizer\debug\zlibd1.dll
c:\users\akclu\documents\github\robotvisualizer\debug\sdl2_mixer.dll
c:\users\akclu\documents\github\robotvisualizer\debug\sdl2_ttf.dll
c:\users\akclu\documents\github\robotvisualizer\debug\freetyped.dll
c:\users\akclu\documents\github\robotvisualizer\debug\bz2d.dll
c:\users\akclu\documents\github\robotvisualizer\debug\robotvisualizer.tlog\cl.command.1.tlog
c:\users\akclu\documents\github\robotvisualizer\debug\robotvisualizer.tlog\cl.read.1.tlog
c:\users\akclu\documents\github\robotvisualizer\debug\robotvisualizer.tlog\cl.write.1.tlog
c:\users\akclu\documents\github\robotvisualizer\debug\robotvisualizer.tlog\link.command.1.tlog
c:\users\akclu\documents\github\robotvisualizer\debug\robotvisualizer.tlog\link.read.1.tlog
c:\users\akclu\documents\github\robotvisualizer\debug\robotvisualizer.tlog\link.write.1.tlog
c:\users\akclu\documents\github\robotvisualizer\debug\robotvisualizer.tlog\robotvisualizer.write.1u.tlog
